{"C:\\Users\\Usuario\\Desktop\\ISDI curso\\week3\\challenge5\\src\\components\\buttons.ts": {"path":"C:\\Users\\Usuario\\Desktop\\ISDI curso\\week3\\challenge5\\src\\components\\buttons.ts","statementMap":{"0":{"start":{"line":1,"column":0},"end":{"line":1,"column":40}},"1":{"start":{"line":5,"column":4},"end":{"line":5,"column":20}},"2":{"start":{"line":7,"column":4},"end":{"line":7,"column":42}},"3":{"start":{"line":8,"column":4},"end":{"line":8,"column":18}},"4":{"start":{"line":12,"column":4},"end":{"line":12,"column":19}},"5":{"start":{"line":16,"column":4},"end":{"line":21,"column":6}},"6":{"start":{"line":3,"column":0},"end":{"line":3,"column":13}}},"fnMap":{"0":{"name":"(anonymous_0)","decl":{"start":{"line":4,"column":2},"end":{"line":4,"column":14}},"loc":{"start":{"line":4,"column":30},"end":{"line":9,"column":3}}},"1":{"name":"(anonymous_1)","decl":{"start":{"line":11,"column":2},"end":{"line":11,"column":8}},"loc":{"start":{"line":11,"column":8},"end":{"line":13,"column":3}}},"2":{"name":"(anonymous_2)","decl":{"start":{"line":15,"column":2},"end":{"line":15,"column":16}},"loc":{"start":{"line":15,"column":16},"end":{"line":22,"column":3}}}},"branchMap":{},"s":{"0":1,"1":2,"2":2,"3":2,"4":2,"5":2,"6":1},"f":{"0":2,"1":2,"2":2},"b":{}}
,"C:\\Users\\Usuario\\Desktop\\ISDI curso\\week3\\challenge5\\src\\components\\card.ts": {"path":"C:\\Users\\Usuario\\Desktop\\ISDI curso\\week3\\challenge5\\src\\components\\card.ts","statementMap":{"0":{"start":{"line":2,"column":0},"end":{"line":2,"column":40}},"1":{"start":{"line":39,"column":4},"end":{"line":39,"column":20}},"2":{"start":{"line":36,"column":2},"end":{"line":36,"column":null}},"3":{"start":{"line":40,"column":4},"end":{"line":40,"column":34}},"4":{"start":{"line":44,"column":4},"end":{"line":44,"column":19}},"5":{"start":{"line":45,"column":4},"end":{"line":45,"column":42}},"6":{"start":{"line":47,"column":24},"end":{"line":47,"column":52}},"7":{"start":{"line":48,"column":4},"end":{"line":48,"column":42}},"8":{"start":{"line":50,"column":4},"end":{"line":50,"column":23}},"9":{"start":{"line":55,"column":15},"end":{"line":55,"column":64}},"10":{"start":{"line":56,"column":4},"end":{"line":62,"column":8}},"11":{"start":{"line":35,"column":0},"end":{"line":35,"column":13}}},"fnMap":{"0":{"name":"(anonymous_0)","decl":{"start":{"line":38,"column":2},"end":{"line":38,"column":14}},"loc":{"start":{"line":38,"column":48},"end":{"line":41,"column":3}}},"1":{"name":"(anonymous_1)","decl":{"start":{"line":43,"column":2},"end":{"line":43,"column":8}},"loc":{"start":{"line":43,"column":8},"end":{"line":51,"column":3}}},"2":{"name":"(anonymous_2)","decl":{"start":{"line":53,"column":2},"end":{"line":53,"column":16}},"loc":{"start":{"line":53,"column":16},"end":{"line":63,"column":3}}}},"branchMap":{},"s":{"0":1,"1":0,"2":0,"3":0,"4":0,"5":0,"6":0,"7":0,"8":0,"9":0,"10":0,"11":1},"f":{"0":0,"1":0,"2":0},"b":{}}
,"C:\\Users\\Usuario\\Desktop\\ISDI curso\\week3\\challenge5\\src\\components\\component.ts": {"path":"C:\\Users\\Usuario\\Desktop\\ISDI curso\\week3\\challenge5\\src\\components\\component.ts","statementMap":{"0":{"start":{"line":5,"column":14},"end":{"line":5,"column":40}},"1":{"start":{"line":2,"column":2},"end":{"line":2,"column":null}},"2":{"start":{"line":3,"column":2},"end":{"line":3,"column":null}},"3":{"start":{"line":8,"column":26},"end":{"line":8,"column":63}},"4":{"start":{"line":9,"column":4},"end":{"line":9,"column":60}},"5":{"start":{"line":9,"column":24},"end":{"line":9,"column":60}},"6":{"start":{"line":10,"column":4},"end":{"line":10,"column":62}},"7":{"start":{"line":11,"column":4},"end":{"line":11,"column":51}},"8":{"start":{"line":15,"column":4},"end":{"line":15,"column":30}},"9":{"start":{"line":15,"column":23},"end":{"line":15,"column":30}},"10":{"start":{"line":16,"column":4},"end":{"line":16,"column":32}},"11":{"start":{"line":1,"column":0},"end":{"line":1,"column":22}}},"fnMap":{"0":{"name":"(anonymous_0)","decl":{"start":{"line":5,"column":2},"end":{"line":5,"column":14}},"loc":{"start":{"line":5,"column":37},"end":{"line":5,"column":41}}},"1":{"name":"(anonymous_1)","decl":{"start":{"line":7,"column":2},"end":{"line":7,"column":8}},"loc":{"start":{"line":7,"column":47},"end":{"line":12,"column":3}}},"2":{"name":"(anonymous_2)","decl":{"start":{"line":14,"column":2},"end":{"line":14,"column":11}},"loc":{"start":{"line":14,"column":11},"end":{"line":17,"column":3}}}},"branchMap":{"0":{"loc":{"start":{"line":7,"column":9},"end":{"line":7,"column":47}},"type":"default-arg","locations":[{"start":{"line":7,"column":36},"end":{"line":7,"column":47}}]},"1":{"loc":{"start":{"line":9,"column":4},"end":{"line":9,"column":60}},"type":"if","locations":[{"start":{"line":9,"column":4},"end":{"line":9,"column":60}}]},"2":{"loc":{"start":{"line":15,"column":4},"end":{"line":15,"column":30}},"type":"if","locations":[{"start":{"line":15,"column":4},"end":{"line":15,"column":30}}]}},"s":{"0":4,"1":4,"2":4,"3":3,"4":3,"5":0,"6":3,"7":3,"8":0,"9":0,"10":0,"11":3},"f":{"0":4,"1":3,"2":0},"b":{"0":[3],"1":[0],"2":[0]}}
,"C:\\Users\\Usuario\\Desktop\\ISDI curso\\week3\\challenge5\\src\\components\\header.ts": {"path":"C:\\Users\\Usuario\\Desktop\\ISDI curso\\week3\\challenge5\\src\\components\\header.ts","statementMap":{"0":{"start":{"line":1,"column":0},"end":{"line":1,"column":40}},"1":{"start":{"line":5,"column":4},"end":{"line":5,"column":20}},"2":{"start":{"line":7,"column":4},"end":{"line":7,"column":42}},"3":{"start":{"line":8,"column":4},"end":{"line":8,"column":18}},"4":{"start":{"line":12,"column":4},"end":{"line":12,"column":19}},"5":{"start":{"line":16,"column":4},"end":{"line":20,"column":6}},"6":{"start":{"line":3,"column":0},"end":{"line":3,"column":13}}},"fnMap":{"0":{"name":"(anonymous_0)","decl":{"start":{"line":4,"column":2},"end":{"line":4,"column":14}},"loc":{"start":{"line":4,"column":30},"end":{"line":9,"column":3}}},"1":{"name":"(anonymous_1)","decl":{"start":{"line":11,"column":2},"end":{"line":11,"column":8}},"loc":{"start":{"line":11,"column":8},"end":{"line":13,"column":3}}},"2":{"name":"(anonymous_2)","decl":{"start":{"line":15,"column":2},"end":{"line":15,"column":16}},"loc":{"start":{"line":15,"column":16},"end":{"line":21,"column":3}}}},"branchMap":{},"s":{"0":1,"1":1,"2":1,"3":1,"4":1,"5":1,"6":1},"f":{"0":1,"1":1,"2":1},"b":{}}
,"C:\\Users\\Usuario\\Desktop\\ISDI curso\\week3\\challenge5\\src\\components\\pokemonList.ts": {"path":"C:\\Users\\Usuario\\Desktop\\ISDI curso\\week3\\challenge5\\src\\components\\pokemonList.ts","statementMap":{"0":{"start":{"line":1,"column":0},"end":{"line":1,"column":40}},"1":{"start":{"line":2,"column":0},"end":{"line":2,"column":39}},"2":{"start":{"line":3,"column":0},"end":{"line":3,"column":30}},"3":{"start":{"line":11,"column":4},"end":{"line":11,"column":20}},"4":{"start":{"line":7,"column":2},"end":{"line":7,"column":null}},"5":{"start":{"line":8,"column":2},"end":{"line":8,"column":null}},"6":{"start":{"line":12,"column":4},"end":{"line":12,"column":30}},"7":{"start":{"line":13,"column":4},"end":{"line":13,"column":20}},"8":{"start":{"line":14,"column":4},"end":{"line":14,"column":21}},"9":{"start":{"line":18,"column":4},"end":{"line":24,"column":null}},"10":{"start":{"line":19,"column":6},"end":{"line":19,"column":45}},"11":{"start":{"line":20,"column":6},"end":{"line":20,"column":19}},"12":{"start":{"line":21,"column":6},"end":{"line":21,"column":20}},"13":{"start":{"line":23,"column":6},"end":{"line":23,"column":44}},"14":{"start":{"line":29,"column":22},"end":{"line":29,"column":67}},"15":{"start":{"line":30,"column":4},"end":{"line":32,"column":null}},"16":{"start":{"line":31,"column":6},"end":{"line":31,"column":31}},"17":{"start":{"line":36,"column":22},"end":{"line":36,"column":67}},"18":{"start":{"line":37,"column":4},"end":{"line":43,"column":null}},"19":{"start":{"line":38,"column":6},"end":{"line":42,"column":9}},"20":{"start":{"line":39,"column":21},"end":{"line":39,"column":41}},"21":{"start":{"line":40,"column":28},"end":{"line":40,"column":41}},"22":{"start":{"line":41,"column":8},"end":{"line":41,"column":43}},"23":{"start":{"line":47,"column":4},"end":{"line":49,"column":6}},"24":{"start":{"line":6,"column":0},"end":{"line":6,"column":13}}},"fnMap":{"0":{"name":"(anonymous_0)","decl":{"start":{"line":10,"column":2},"end":{"line":10,"column":14}},"loc":{"start":{"line":10,"column":30},"end":{"line":15,"column":3}}},"1":{"name":"(anonymous_1)","decl":{"start":{"line":17,"column":2},"end":{"line":17,"column":7}},"loc":{"start":{"line":17,"column":17},"end":{"line":25,"column":3}}},"2":{"name":"(anonymous_2)","decl":{"start":{"line":27,"column":2},"end":{"line":27,"column":7}},"loc":{"start":{"line":27,"column":7},"end":{"line":33,"column":3}}},"3":{"name":"(anonymous_3)","decl":{"start":{"line":35,"column":2},"end":{"line":35,"column":8}},"loc":{"start":{"line":35,"column":8},"end":{"line":44,"column":3}}},"4":{"name":"(anonymous_4)","decl":{"start":{"line":38,"column":25},"end":{"line":38,"column":26}},"loc":{"start":{"line":38,"column":43},"end":{"line":42,"column":7}}},"5":{"name":"(anonymous_5)","decl":{"start":{"line":46,"column":2},"end":{"line":46,"column":16}},"loc":{"start":{"line":46,"column":16},"end":{"line":50,"column":3}}}},"branchMap":{"0":{"loc":{"start":{"line":30,"column":4},"end":{"line":32,"column":null}},"type":"if","locations":[{"start":{"line":30,"column":4},"end":{"line":32,"column":null}}]},"1":{"loc":{"start":{"line":37,"column":4},"end":{"line":43,"column":null}},"type":"if","locations":[{"start":{"line":37,"column":4},"end":{"line":43,"column":null}}]}},"s":{"0":1,"1":1,"2":1,"3":1,"4":1,"5":1,"6":1,"7":1,"8":1,"9":1,"10":1,"11":0,"12":0,"13":1,"14":0,"15":0,"16":0,"17":0,"18":0,"19":0,"20":0,"21":0,"22":0,"23":0,"24":1},"f":{"0":1,"1":1,"2":0,"3":0,"4":0,"5":0},"b":{"0":[0],"1":[0]}}
,"C:\\Users\\Usuario\\Desktop\\ISDI curso\\week3\\challenge5\\src\\data\\repo.ts": {"path":"C:\\Users\\Usuario\\Desktop\\ISDI curso\\week3\\challenge5\\src\\data\\repo.ts","statementMap":{"0":{"start":{"line":8,"column":2},"end":{"line":8,"column":null}},"1":{"start":{"line":5,"column":4},"end":{"line":5,"column":47}},"2":{"start":{"line":11,"column":21},"end":{"line":11,"column":45}},"3":{"start":{"line":12,"column":4},"end":{"line":13,"column":67}},"4":{"start":{"line":13,"column":6},"end":{"line":13,"column":67}},"5":{"start":{"line":14,"column":4},"end":{"line":14,"column":27}},"6":{"start":{"line":3,"column":0},"end":{"line":3,"column":13}}},"fnMap":{"0":{"name":"(anonymous_0)","decl":{"start":{"line":3,"column":0},"end":{"line":3,"column":13}},"loc":{"start":{"line":3,"column":0},"end":{"line":16,"column":1}}},"1":{"name":"(anonymous_1)","decl":{"start":{"line":4,"column":2},"end":{"line":4,"column":15}},"loc":{"start":{"line":4,"column":15},"end":{"line":6,"column":3}}},"2":{"name":"(anonymous_2)","decl":{"start":{"line":10,"column":2},"end":{"line":10,"column":7}},"loc":{"start":{"line":10,"column":15},"end":{"line":15,"column":3}}}},"branchMap":{"0":{"loc":{"start":{"line":12,"column":4},"end":{"line":13,"column":67}},"type":"if","locations":[{"start":{"line":12,"column":4},"end":{"line":13,"column":67}}]}},"s":{"0":1,"1":0,"2":1,"3":0,"4":0,"5":0,"6":1},"f":{"0":1,"1":0,"2":1},"b":{"0":[0]}}
}
